{"/Users/fernandosilva/projects/snake-game/src/Core/FunctionalSnake.ts": {"path":"/Users/fernandosilva/projects/snake-game/src/Core/FunctionalSnake.ts","statementMap":{"0":{"start":{"line":11,"column":27},"end":{"line":13,"column":1}},"1":{"start":{"line":12,"column":2},"end":{"line":12,"column":40}},"2":{"start":{"line":15,"column":29},"end":{"line":17,"column":1}},"3":{"start":{"line":16,"column":2},"end":{"line":16,"column":58}},"4":{"start":{"line":19,"column":27},"end":{"line":21,"column":1}},"5":{"start":{"line":20,"column":2},"end":{"line":20,"column":62}},"6":{"start":{"line":20,"column":30},"end":{"line":20,"column":60}},"7":{"start":{"line":23,"column":22},"end":{"line":26,"column":1}},"8":{"start":{"line":24,"column":15},"end":{"line":24,"column":23}},"9":{"start":{"line":25,"column":2},"end":{"line":25,"column":62}},"10":{"start":{"line":28,"column":22},"end":{"line":30,"column":1}},"11":{"start":{"line":29,"column":2},"end":{"line":29,"column":31}},"12":{"start":{"line":32,"column":23},"end":{"line":34,"column":1}},"13":{"start":{"line":33,"column":2},"end":{"line":33,"column":31}},"14":{"start":{"line":36,"column":19},"end":{"line":41,"column":1}},"15":{"start":{"line":37,"column":20},"end":{"line":37,"column":36}},"16":{"start":{"line":38,"column":48},"end":{"line":38,"column":53}},"17":{"start":{"line":40,"column":2},"end":{"line":40,"column":53}},"18":{"start":{"line":43,"column":28},"end":{"line":66,"column":1}},"19":{"start":{"line":48,"column":25},"end":{"line":48,"column":54}},"20":{"start":{"line":50,"column":2},"end":{"line":63,"column":3}},"21":{"start":{"line":52,"column":6},"end":{"line":52,"column":62}},"22":{"start":{"line":53,"column":6},"end":{"line":53,"column":12}},"23":{"start":{"line":55,"column":6},"end":{"line":55,"column":62}},"24":{"start":{"line":56,"column":6},"end":{"line":56,"column":12}},"25":{"start":{"line":58,"column":6},"end":{"line":58,"column":62}},"26":{"start":{"line":59,"column":6},"end":{"line":59,"column":12}},"27":{"start":{"line":61,"column":6},"end":{"line":61,"column":62}},"28":{"start":{"line":62,"column":6},"end":{"line":62,"column":12}},"29":{"start":{"line":65,"column":2},"end":{"line":65,"column":18}},"30":{"start":{"line":68,"column":29},"end":{"line":80,"column":1}},"31":{"start":{"line":73,"column":19},"end":{"line":73,"column":57}},"32":{"start":{"line":75,"column":2},"end":{"line":77,"column":3}},"33":{"start":{"line":76,"column":4},"end":{"line":76,"column":39}},"34":{"start":{"line":79,"column":2},"end":{"line":79,"column":18}},"35":{"start":{"line":82,"column":25},"end":{"line":88,"column":1}},"36":{"start":{"line":87,"column":2},"end":{"line":87,"column":72}},"37":{"start":{"line":90,"column":20},"end":{"line":96,"column":1}},"38":{"start":{"line":95,"column":2},"end":{"line":95,"column":64}},"39":{"start":{"line":98,"column":20},"end":{"line":111,"column":1}},"40":{"start":{"line":104,"column":19},"end":{"line":104,"column":58}},"41":{"start":{"line":106,"column":2},"end":{"line":108,"column":3}},"42":{"start":{"line":107,"column":4},"end":{"line":107,"column":42}},"43":{"start":{"line":110,"column":2},"end":{"line":110,"column":45}},"44":{"start":{"line":113,"column":24},"end":{"line":131,"column":1}},"45":{"start":{"line":116,"column":48},"end":{"line":116,"column":53}},"46":{"start":{"line":118,"column":26},"end":{"line":118,"column":28}},"47":{"start":{"line":120,"column":2},"end":{"line":128,"column":3}},"48":{"start":{"line":120,"column":17},"end":{"line":120,"column":18}},"49":{"start":{"line":121,"column":28},"end":{"line":121,"column":30}},"50":{"start":{"line":123,"column":4},"end":{"line":125,"column":5}},"51":{"start":{"line":123,"column":19},"end":{"line":123,"column":20}},"52":{"start":{"line":124,"column":6},"end":{"line":124,"column":39}},"53":{"start":{"line":127,"column":4},"end":{"line":127,"column":22}},"54":{"start":{"line":130,"column":2},"end":{"line":130,"column":14}},"55":{"start":{"line":133,"column":23},"end":{"line":135,"column":1}},"56":{"start":{"line":134,"column":2},"end":{"line":134,"column":30}},"57":{"start":{"line":137,"column":26},"end":{"line":158,"column":1}},"58":{"start":{"line":141,"column":29},"end":{"line":141,"column":31}},"59":{"start":{"line":143,"column":2},"end":{"line":151,"column":3}},"60":{"start":{"line":143,"column":15},"end":{"line":143,"column":16}},"61":{"start":{"line":144,"column":4},"end":{"line":150,"column":5}},"62":{"start":{"line":144,"column":17},"end":{"line":144,"column":18}},"63":{"start":{"line":145,"column":27},"end":{"line":145,"column":33}},"64":{"start":{"line":147,"column":6},"end":{"line":149,"column":7}},"65":{"start":{"line":148,"column":8},"end":{"line":148,"column":30}},"66":{"start":{"line":153,"column":2},"end":{"line":155,"column":3}},"67":{"start":{"line":154,"column":4},"end":{"line":154,"column":11}},"68":{"start":{"line":157,"column":2},"end":{"line":157,"column":65}}},"fnMap":{"0":{"name":"(anonymous_0)","decl":{"start":{"line":11,"column":27},"end":{"line":11,"column":28}},"loc":{"start":{"line":11,"column":51},"end":{"line":13,"column":1}},"line":11},"1":{"name":"(anonymous_1)","decl":{"start":{"line":15,"column":29},"end":{"line":15,"column":30}},"loc":{"start":{"line":15,"column":77},"end":{"line":17,"column":1}},"line":15},"2":{"name":"(anonymous_2)","decl":{"start":{"line":19,"column":27},"end":{"line":19,"column":28}},"loc":{"start":{"line":19,"column":59},"end":{"line":21,"column":1}},"line":19},"3":{"name":"(anonymous_3)","decl":{"start":{"line":20,"column":20},"end":{"line":20,"column":21}},"loc":{"start":{"line":20,"column":30},"end":{"line":20,"column":60}},"line":20},"4":{"name":"(anonymous_4)","decl":{"start":{"line":23,"column":22},"end":{"line":23,"column":23}},"loc":{"start":{"line":23,"column":63},"end":{"line":26,"column":1}},"line":23},"5":{"name":"(anonymous_5)","decl":{"start":{"line":28,"column":22},"end":{"line":28,"column":23}},"loc":{"start":{"line":28,"column":61},"end":{"line":30,"column":1}},"line":28},"6":{"name":"(anonymous_6)","decl":{"start":{"line":32,"column":23},"end":{"line":32,"column":24}},"loc":{"start":{"line":32,"column":62},"end":{"line":34,"column":1}},"line":32},"7":{"name":"(anonymous_7)","decl":{"start":{"line":36,"column":19},"end":{"line":36,"column":20}},"loc":{"start":{"line":36,"column":69},"end":{"line":41,"column":1}},"line":36},"8":{"name":"(anonymous_8)","decl":{"start":{"line":43,"column":28},"end":{"line":43,"column":29}},"loc":{"start":{"line":47,"column":12},"end":{"line":66,"column":1}},"line":47},"9":{"name":"(anonymous_9)","decl":{"start":{"line":68,"column":29},"end":{"line":68,"column":30}},"loc":{"start":{"line":72,"column":12},"end":{"line":80,"column":1}},"line":72},"10":{"name":"(anonymous_10)","decl":{"start":{"line":82,"column":25},"end":{"line":82,"column":26}},"loc":{"start":{"line":86,"column":12},"end":{"line":88,"column":1}},"line":86},"11":{"name":"(anonymous_11)","decl":{"start":{"line":90,"column":20},"end":{"line":90,"column":21}},"loc":{"start":{"line":94,"column":12},"end":{"line":96,"column":1}},"line":94},"12":{"name":"(anonymous_12)","decl":{"start":{"line":98,"column":20},"end":{"line":98,"column":21}},"loc":{"start":{"line":103,"column":12},"end":{"line":111,"column":1}},"line":103},"13":{"name":"(anonymous_13)","decl":{"start":{"line":113,"column":24},"end":{"line":113,"column":25}},"loc":{"start":{"line":117,"column":18},"end":{"line":131,"column":1}},"line":117},"14":{"name":"(anonymous_14)","decl":{"start":{"line":116,"column":37},"end":{"line":116,"column":38}},"loc":{"start":{"line":116,"column":48},"end":{"line":116,"column":53}},"line":116},"15":{"name":"(anonymous_15)","decl":{"start":{"line":133,"column":23},"end":{"line":133,"column":24}},"loc":{"start":{"line":133,"column":73},"end":{"line":135,"column":1}},"line":133},"16":{"name":"(anonymous_16)","decl":{"start":{"line":137,"column":26},"end":{"line":137,"column":27}},"loc":{"start":{"line":140,"column":24},"end":{"line":158,"column":1}},"line":140}},"branchMap":{"0":{"loc":{"start":{"line":12,"column":9},"end":{"line":12,"column":39}},"type":"binary-expr","locations":[{"start":{"line":12,"column":9},"end":{"line":12,"column":22}},{"start":{"line":12,"column":26},"end":{"line":12,"column":39}}],"line":12},"1":{"loc":{"start":{"line":16,"column":9},"end":{"line":16,"column":57}},"type":"binary-expr","locations":[{"start":{"line":16,"column":9},"end":{"line":16,"column":15}},{"start":{"line":16,"column":19},"end":{"line":16,"column":31}},{"start":{"line":16,"column":35},"end":{"line":16,"column":41}},{"start":{"line":16,"column":45},"end":{"line":16,"column":57}}],"line":16},"2":{"loc":{"start":{"line":25,"column":9},"end":{"line":25,"column":61}},"type":"binary-expr","locations":[{"start":{"line":25,"column":9},"end":{"line":25,"column":27}},{"start":{"line":25,"column":31},"end":{"line":25,"column":61}}],"line":25},"3":{"loc":{"start":{"line":50,"column":2},"end":{"line":63,"column":3}},"type":"switch","locations":[{"start":{"line":51,"column":4},"end":{"line":53,"column":12}},{"start":{"line":54,"column":4},"end":{"line":56,"column":12}},{"start":{"line":57,"column":4},"end":{"line":59,"column":12}},{"start":{"line":60,"column":4},"end":{"line":62,"column":12}}],"line":50},"4":{"loc":{"start":{"line":52,"column":25},"end":{"line":52,"column":60}},"type":"cond-expr","locations":[{"start":{"line":52,"column":41},"end":{"line":52,"column":48}},{"start":{"line":52,"column":51},"end":{"line":52,"column":60}}],"line":52},"5":{"loc":{"start":{"line":55,"column":25},"end":{"line":55,"column":60}},"type":"cond-expr","locations":[{"start":{"line":55,"column":47},"end":{"line":55,"column":48}},{"start":{"line":55,"column":51},"end":{"line":55,"column":60}}],"line":55},"6":{"loc":{"start":{"line":58,"column":18},"end":{"line":58,"column":53}},"type":"cond-expr","locations":[{"start":{"line":58,"column":34},"end":{"line":58,"column":41}},{"start":{"line":58,"column":44},"end":{"line":58,"column":53}}],"line":58},"7":{"loc":{"start":{"line":61,"column":18},"end":{"line":61,"column":53}},"type":"cond-expr","locations":[{"start":{"line":61,"column":40},"end":{"line":61,"column":41}},{"start":{"line":61,"column":44},"end":{"line":61,"column":53}}],"line":61},"8":{"loc":{"start":{"line":75,"column":2},"end":{"line":77,"column":3}},"type":"if","locations":[{"start":{"line":75,"column":2},"end":{"line":77,"column":3}},{"start":{},"end":{}}],"line":75},"9":{"loc":{"start":{"line":106,"column":2},"end":{"line":108,"column":3}},"type":"if","locations":[{"start":{"line":106,"column":2},"end":{"line":108,"column":3}},{"start":{},"end":{}}],"line":106},"10":{"loc":{"start":{"line":106,"column":6},"end":{"line":106,"column":41}},"type":"binary-expr","locations":[{"start":{"line":106,"column":6},"end":{"line":106,"column":10}},{"start":{"line":106,"column":14},"end":{"line":106,"column":41}}],"line":106},"11":{"loc":{"start":{"line":116,"column":2},"end":{"line":116,"column":53}},"type":"default-arg","locations":[{"start":{"line":116,"column":37},"end":{"line":116,"column":53}}],"line":116},"12":{"loc":{"start":{"line":147,"column":6},"end":{"line":149,"column":7}},"type":"if","locations":[{"start":{"line":147,"column":6},"end":{"line":149,"column":7}},{"start":{},"end":{}}],"line":147},"13":{"loc":{"start":{"line":153,"column":2},"end":{"line":155,"column":3}},"type":"if","locations":[{"start":{"line":153,"column":2},"end":{"line":155,"column":3}},{"start":{},"end":{}}],"line":153}},"s":{"0":1,"1":0,"2":1,"3":0,"4":1,"5":0,"6":0,"7":1,"8":0,"9":0,"10":1,"11":0,"12":1,"13":0,"14":1,"15":0,"16":0,"17":0,"18":1,"19":1,"20":1,"21":1,"22":1,"23":0,"24":0,"25":0,"26":0,"27":0,"28":0,"29":1,"30":1,"31":0,"32":0,"33":0,"34":0,"35":1,"36":0,"37":1,"38":0,"39":1,"40":0,"41":0,"42":0,"43":0,"44":1,"45":0,"46":0,"47":0,"48":0,"49":0,"50":0,"51":0,"52":0,"53":0,"54":0,"55":1,"56":0,"57":1,"58":0,"59":0,"60":0,"61":0,"62":0,"63":0,"64":0,"65":0,"66":0,"67":0,"68":0},"f":{"0":0,"1":0,"2":0,"3":0,"4":0,"5":0,"6":0,"7":0,"8":1,"9":0,"10":0,"11":0,"12":0,"13":0,"14":0,"15":0,"16":0},"b":{"0":[0,0],"1":[0,0,0,0],"2":[0,0],"3":[1,0,0,0],"4":[1,0],"5":[0,0],"6":[0,0],"7":[0,0],"8":[0,0],"9":[0,0],"10":[0,0],"11":[0],"12":[0,0],"13":[0,0]},"_coverageSchema":"1a1c01bbd47fc00a2c39e90264f33305004495a9","hash":"3bc1142d15071527188f631185e4415ee3d5e036"}
}
