TN:
SF:src/Core/FunctionalSnake.ts
FN:11,(anonymous_0)
FN:15,(anonymous_1)
FN:19,(anonymous_2)
FN:20,(anonymous_3)
FN:23,(anonymous_4)
FN:28,(anonymous_5)
FN:32,(anonymous_6)
FN:36,(anonymous_7)
FN:43,(anonymous_8)
FN:68,(anonymous_9)
FN:82,(anonymous_10)
FN:90,(anonymous_11)
FN:98,(anonymous_12)
FN:113,(anonymous_13)
FN:116,(anonymous_14)
FN:133,(anonymous_15)
FN:137,(anonymous_16)
FNF:17
FNH:1
FNDA:0,(anonymous_0)
FNDA:0,(anonymous_1)
FNDA:0,(anonymous_2)
FNDA:0,(anonymous_3)
FNDA:0,(anonymous_4)
FNDA:0,(anonymous_5)
FNDA:0,(anonymous_6)
FNDA:0,(anonymous_7)
FNDA:1,(anonymous_8)
FNDA:0,(anonymous_9)
FNDA:0,(anonymous_10)
FNDA:0,(anonymous_11)
FNDA:0,(anonymous_12)
FNDA:0,(anonymous_13)
FNDA:0,(anonymous_14)
FNDA:0,(anonymous_15)
FNDA:0,(anonymous_16)
DA:11,1
DA:12,0
DA:15,1
DA:16,0
DA:19,1
DA:20,0
DA:23,1
DA:24,0
DA:25,0
DA:28,1
DA:29,0
DA:32,1
DA:33,0
DA:36,1
DA:37,0
DA:38,0
DA:40,0
DA:43,1
DA:48,1
DA:50,1
DA:52,1
DA:53,1
DA:55,0
DA:56,0
DA:58,0
DA:59,0
DA:61,0
DA:62,0
DA:65,1
DA:68,1
DA:73,0
DA:75,0
DA:76,0
DA:79,0
DA:82,1
DA:87,0
DA:90,1
DA:95,0
DA:98,1
DA:104,0
DA:106,0
DA:107,0
DA:110,0
DA:113,1
DA:116,0
DA:118,0
DA:120,0
DA:121,0
DA:123,0
DA:124,0
DA:127,0
DA:130,0
DA:133,1
DA:134,0
DA:137,1
DA:141,0
DA:143,0
DA:144,0
DA:145,0
DA:147,0
DA:148,0
DA:153,0
DA:154,0
DA:157,0
LF:64
LH:20
BRDA:12,0,0,0
BRDA:12,0,1,0
BRDA:16,1,0,0
BRDA:16,1,1,0
BRDA:16,1,2,0
BRDA:16,1,3,0
BRDA:25,2,0,0
BRDA:25,2,1,0
BRDA:50,3,0,1
BRDA:50,3,1,0
BRDA:50,3,2,0
BRDA:50,3,3,0
BRDA:52,4,0,1
BRDA:52,4,1,0
BRDA:55,5,0,0
BRDA:55,5,1,0
BRDA:58,6,0,0
BRDA:58,6,1,0
BRDA:61,7,0,0
BRDA:61,7,1,0
BRDA:75,8,0,0
BRDA:75,8,1,0
BRDA:106,9,0,0
BRDA:106,9,1,0
BRDA:106,10,0,0
BRDA:106,10,1,0
BRDA:116,11,0,0
BRDA:147,12,0,0
BRDA:147,12,1,0
BRDA:153,13,0,0
BRDA:153,13,1,0
BRF:31
BRH:2
end_of_record
